<?xml version="1.0" encoding="UTF-8"?>
<!-- Generated by org.testng.reporters.JUnitXMLReporter -->
<testsuite ignored="0" hostname="aceca" failures="0" tests="3" name="Test" time="82.831" errors="0" timestamp="2023-02-09T22:27:48 CST">
  <testcase classname="com.neotech.testcases.AddEmployeeTest" name="addEmployee" time="23.577"/>
  <testcase classname="com.neotech.testcases.AddEmployeeTest" name="addEmployee" time="23.043"/>
  <testcase classname="com.neotech.testcases.AddEmployeeTest" name="addEmployee" time="22.006"/>
</testsuite> <!-- Test -->
