<?xml version="1.0" encoding="UTF-8"?>
<testng-results ignored="0" total="3" passed="3" failed="0" skipped="0">
  <reporter-output>
  </reporter-output>
  <suite started-at="2023-02-09T22:26:25 CST" name="Suite" finished-at="2023-02-09T22:27:48 CST" duration-ms="82831">
    <groups>
      <group name="tomka">
        <method signature="AddEmployeeTest.addEmployee(java.lang.String,java.lang.String,java.lang.String,java.lang.String)[pri:0, instance:com.neotech.testcases.AddEmployeeTest@67c27493]" name="addEmployee" class="com.neotech.testcases.AddEmployeeTest"/>
      </group> <!-- tomka -->
    </groups>
    <test started-at="2023-02-09T22:26:25 CST" name="Test" finished-at="2023-02-09T22:27:48 CST" duration-ms="82831">
      <class name="com.neotech.testcases.AddEmployeeTest">
        <test-method is-config="true" signature="generateReport()[pri:0, instance:com.neotech.testcases.AddEmployeeTest@67c27493]" started-at="2023-02-09T22:26:25 CST" name="generateReport" finished-at="2023-02-09T22:26:25 CST" duration-ms="365" status="PASS">
          <reporter-output>
          </reporter-output>
        </test-method> <!-- generateReport -->
        <test-method is-config="true" signature="setUp()[pri:0, instance:com.neotech.testcases.AddEmployeeTest@67c27493]" started-at="2023-02-09T22:26:26 CST" name="setUp" finished-at="2023-02-09T22:26:31 CST" duration-ms="5138" status="PASS">
          <reporter-output>
          </reporter-output>
        </test-method> <!-- setUp -->
        <test-method signature="addEmployee(java.lang.String,java.lang.String,java.lang.String,java.lang.String)[pri:0, instance:com.neotech.testcases.AddEmployeeTest@67c27493]" started-at="2023-02-09T22:26:31 CST" name="addEmployee" data-provider="tomi" finished-at="2023-02-09T22:26:55 CST" duration-ms="23577" status="PASS">
          <params>
            <param index="0">
              <value>
                <![CDATA[John22]]>
              </value>
            </param>
            <param index="1">
              <value>
                <![CDATA[Smith]]>
              </value>
            </param>
            <param index="2">
              <value>
                <![CDATA[41522.0]]>
              </value>
            </param>
            <param index="3">
              <value>
                <![CDATA[Texas R&D]]>
              </value>
            </param>
          </params>
          <reporter-output>
          </reporter-output>
        </test-method> <!-- addEmployee -->
        <test-method is-config="true" signature="tearDown()[pri:0, instance:com.neotech.testcases.AddEmployeeTest@67c27493]" started-at="2023-02-09T22:26:55 CST" name="tearDown" finished-at="2023-02-09T22:26:55 CST" duration-ms="346" status="PASS">
          <reporter-output>
          </reporter-output>
        </test-method> <!-- tearDown -->
        <test-method is-config="true" signature="setUp()[pri:0, instance:com.neotech.testcases.AddEmployeeTest@67c27493]" started-at="2023-02-09T22:26:55 CST" name="setUp" finished-at="2023-02-09T22:26:58 CST" duration-ms="3062" status="PASS">
          <reporter-output>
          </reporter-output>
        </test-method> <!-- setUp -->
        <test-method signature="addEmployee(java.lang.String,java.lang.String,java.lang.String,java.lang.String)[pri:0, instance:com.neotech.testcases.AddEmployeeTest@67c27493]" started-at="2023-02-09T22:26:58 CST" name="addEmployee" data-provider="tomi" finished-at="2023-02-09T22:27:22 CST" duration-ms="23043" status="PASS">
          <params>
            <param index="0">
              <value>
                <![CDATA[Mary22]]>
              </value>
            </param>
            <param index="1">
              <value>
                <![CDATA[Ann]]>
              </value>
            </param>
            <param index="2">
              <value>
                <![CDATA[414147.0]]>
              </value>
            </param>
            <param index="3">
              <value>
                <![CDATA[Texas R&D]]>
              </value>
            </param>
          </params>
          <reporter-output>
          </reporter-output>
        </test-method> <!-- addEmployee -->
        <test-method is-config="true" signature="tearDown()[pri:0, instance:com.neotech.testcases.AddEmployeeTest@67c27493]" started-at="2023-02-09T22:27:22 CST" name="tearDown" finished-at="2023-02-09T22:27:22 CST" duration-ms="255" status="PASS">
          <reporter-output>
          </reporter-output>
        </test-method> <!-- tearDown -->
        <test-method is-config="true" signature="setUp()[pri:0, instance:com.neotech.testcases.AddEmployeeTest@67c27493]" started-at="2023-02-09T22:27:22 CST" name="setUp" finished-at="2023-02-09T22:27:25 CST" duration-ms="2598" status="PASS">
          <reporter-output>
          </reporter-output>
        </test-method> <!-- setUp -->
        <test-method signature="addEmployee(java.lang.String,java.lang.String,java.lang.String,java.lang.String)[pri:0, instance:com.neotech.testcases.AddEmployeeTest@67c27493]" started-at="2023-02-09T22:27:25 CST" name="addEmployee" data-provider="tomi" finished-at="2023-02-09T22:27:47 CST" duration-ms="22006" status="PASS">
          <params>
            <param index="0">
              <value>
                <![CDATA[David22]]>
              </value>
            </param>
            <param index="1">
              <value>
                <![CDATA[Brown]]>
              </value>
            </param>
            <param index="2">
              <value>
                <![CDATA[1.4141474E7]]>
              </value>
            </param>
            <param index="3">
              <value>
                <![CDATA[Texas R&D]]>
              </value>
            </param>
          </params>
          <reporter-output>
          </reporter-output>
        </test-method> <!-- addEmployee -->
        <test-method is-config="true" signature="tearDown()[pri:0, instance:com.neotech.testcases.AddEmployeeTest@67c27493]" started-at="2023-02-09T22:27:47 CST" name="tearDown" finished-at="2023-02-09T22:27:47 CST" duration-ms="248" status="PASS">
          <reporter-output>
          </reporter-output>
        </test-method> <!-- tearDown -->
        <test-method is-config="true" signature="writeReport()[pri:0, instance:com.neotech.testcases.AddEmployeeTest@67c27493]" started-at="2023-02-09T22:27:47 CST" name="writeReport" finished-at="2023-02-09T22:27:48 CST" duration-ms="355" status="PASS">
          <reporter-output>
          </reporter-output>
        </test-method> <!-- writeReport -->
      </class> <!-- com.neotech.testcases.AddEmployeeTest -->
    </test> <!-- Test -->
  </suite> <!-- Suite -->
</testng-results>
